[00:46:25.646] Log Level: 2
[00:46:25.666] SSH Resolver called for "ssh-remote+192.17.100.117", attempt 1
[00:46:25.667] "remote.SSH.useLocalServer": true
[00:46:25.667] "remote.SSH.useExecServer": true
[00:46:25.668] "remote.SSH.path": undefined
[00:46:25.668] "remote.SSH.configFile": undefined
[00:46:25.669] "remote.SSH.useFlock": true
[00:46:25.669] "remote.SSH.lockfilesInTmp": false
[00:46:25.669] "remote.SSH.localServerDownload": auto
[00:46:25.669] "remote.SSH.remoteServerListenOnSocket": false
[00:46:25.669] "remote.SSH.showLoginTerminal": false
[00:46:25.670] "remote.SSH.defaultExtensions": []
[00:46:25.670] "remote.SSH.loglevel": 2
[00:46:25.670] "remote.SSH.enableDynamicForwarding": true
[00:46:25.670] "remote.SSH.enableRemoteCommand": false
[00:46:25.670] "remote.SSH.serverPickPortsFromRange": {}
[00:46:25.671] "remote.SSH.serverInstallPath": {}
[00:46:25.693] VS Code version: 1.89.1
[00:46:25.693] Remote-SSH version: remote-ssh@0.110.1
[00:46:25.693] linux x64
[00:46:25.702] SSH Resolver called for host: 192.17.100.117
[00:46:25.702] Setting up SSH remote "192.17.100.117"
[00:46:25.715] Acquiring local install lock: /tmp/vscode-remote-ssh-cc092e3f-install.lock
[00:46:25.719] Looking for existing server data file at /home/lifrankfan/.config/Code/User/globalStorage/ms-vscode-remote.remote-ssh/vscode-ssh-host-cc092e3f-dc96b837cf6bb4af9cd736aa3af08cf8279f7685-0.110.1-es/data.json
[00:46:25.721] Using commit id "dc96b837cf6bb4af9cd736aa3af08cf8279f7685" and quality "stable" for server
[00:46:25.730] Install and start server if needed
[00:46:25.741] PATH: /home/lifrankfan/.local/bin:/home/lifrankfan/bin:/home/lifrankfan/.config/emacs/bin:/usr/local/bin:/usr/local/sbin:/usr/bin:/usr/sbin:/var/lib/snapd/snap/bin
[00:46:25.741] Checking ssh with "ssh -V"
[00:46:25.760] > OpenSSH_9.6p1, OpenSSL 3.2.1 30 Jan 2024

[00:46:25.769] askpass server listening on /run/user/1000/vscode-ssh-askpass-49f9a9c7daba37afa9cc9934d4806cfea83e477c.sock
[00:46:25.770] Spawning local server with {"serverId":1,"ipcHandlePath":"/run/user/1000/vscode-ssh-askpass-2d399550947600213ad37e7187ae550ba19284cf.sock","sshCommand":"ssh","sshArgs":["-v","-T","-D","45635","-o","ConnectTimeout=15","192.17.100.117"],"serverDataFolderName":".vscode-server","dataFilePath":"/home/lifrankfan/.config/Code/User/globalStorage/ms-vscode-remote.remote-ssh/vscode-ssh-host-cc092e3f-dc96b837cf6bb4af9cd736aa3af08cf8279f7685-0.110.1-es/data.json"}
[00:46:25.770] Local server env: {"SHELL":"/bin/bash","DISPLAY":":0","ELECTRON_RUN_AS_NODE":"1","SSH_ASKPASS":"/home/lifrankfan/.vscode/extensions/ms-vscode-remote.remote-ssh-0.110.1/out/local-server/askpass.sh","VSCODE_SSH_ASKPASS_NODE":"/usr/share/code/code","VSCODE_SSH_ASKPASS_EXTRA_ARGS":"","VSCODE_SSH_ASKPASS_MAIN":"/home/lifrankfan/.vscode/extensions/ms-vscode-remote.remote-ssh-0.110.1/out/askpass-main.js","VSCODE_SSH_ASKPASS_HANDLE":"/run/user/1000/vscode-ssh-askpass-49f9a9c7daba37afa9cc9934d4806cfea83e477c.sock"}
[00:46:25.780] Spawned 35213
[00:46:26.070] > local-server-1> Running ssh connection command: ssh -v -T -D 45635 -o ConnectTimeout=15 192.17.100.117
[00:46:26.078] > local-server-1> Spawned ssh, pid=35222
[00:46:26.087] stderr> OpenSSH_9.6p1, OpenSSL 3.2.1 30 Jan 2024
[00:46:41.103] stderr> ssh: connect to host 192.17.100.117 port 22: Connection timed out
[00:46:41.106] > local-server-1> ssh child died, shutting down
[00:46:41.118] Local server exit: 0
[00:46:41.119] Received install output: local-server-1> Running ssh connection command: ssh -v -T -D 45635 -o ConnectTimeout=15 192.17.100.117
local-server-1> Spawned ssh, pid=35222
OpenSSH_9.6p1, OpenSSL 3.2.1 30 Jan 2024
ssh: connect to host 192.17.100.117 port 22: Connection timed out
local-server-1> ssh child died, shutting down

[00:46:41.128] Resolver error: Error: The connection timed out
	at g.Offline (/home/lifrankfan/.vscode/extensions/ms-vscode-remote.remote-ssh-0.110.1/out/extension.js:2:499232)
	at /home/lifrankfan/.vscode/extensions/ms-vscode-remote.remote-ssh-0.110.1/out/extension.js:2:495257
	at t.handleInstallOutput (/home/lifrankfan/.vscode/extensions/ms-vscode-remote.remote-ssh-0.110.1/out/extension.js:2:495572)
	at e (/home/lifrankfan/.vscode/extensions/ms-vscode-remote.remote-ssh-0.110.1/out/extension.js:2:557639)
	at process.processTicksAndRejections (node:internal/process/task_queues:95:5)
	at async /home/lifrankfan/.vscode/extensions/ms-vscode-remote.remote-ssh-0.110.1/out/extension.js:2:579548
	at async t.withShowDetailsEvent (/home/lifrankfan/.vscode/extensions/ms-vscode-remote.remote-ssh-0.110.1/out/extension.js:2:583207)
	at async /home/lifrankfan/.vscode/extensions/ms-vscode-remote.remote-ssh-0.110.1/out/extension.js:2:554344
	at async T (/home/lifrankfan/.vscode/extensions/ms-vscode-remote.remote-ssh-0.110.1/out/extension.js:2:552395)
	at async t.resolveWithLocalServer (/home/lifrankfan/.vscode/extensions/ms-vscode-remote.remote-ssh-0.110.1/out/extension.js:2:553884)
	at async k (/home/lifrankfan/.vscode/extensions/ms-vscode-remote.remote-ssh-0.110.1/out/extension.js:2:576765)
	at async t.resolve (/home/lifrankfan/.vscode/extensions/ms-vscode-remote.remote-ssh-0.110.1/out/extension.js:2:580578)
	at async /home/lifrankfan/.vscode/extensions/ms-vscode-remote.remote-ssh-0.110.1/out/extension.js:2:846687
[00:46:41.144] ------




