2024-06-13 00:46:15.253 [info] Extension host with pid 35062 started
2024-06-13 00:46:15.379 [info] ExtensionService#_doActivateExtension vscode.emmet, startup: false, activationEvent: 'onLanguage'
2024-06-13 00:46:15.468 [info] ExtensionService#_doActivateExtension vscode.git-base, startup: true, activationEvent: '*'
2024-06-13 00:46:15.503 [info] ExtensionService#_doActivateExtension vscode.github, startup: true, activationEvent: '*'
2024-06-13 00:46:15.543 [info] Eager extensions activated
2024-06-13 00:46:15.545 [info] ExtensionService#_doActivateExtension vscode.debug-auto-launch, startup: false, activationEvent: 'onStartupFinished'
2024-06-13 00:46:15.550 [info] ExtensionService#_doActivateExtension vscode.merge-conflict, startup: false, activationEvent: 'onStartupFinished'
2024-06-13 00:46:15.565 [info] ExtensionService#_doActivateExtension Catppuccin.catppuccin-vsc, startup: false, activationEvent: 'onStartupFinished'
2024-06-13 00:46:15.574 [info] ExtensionService#_doActivateExtension esbenp.prettier-vscode, startup: false, activationEvent: 'onStartupFinished'
2024-06-13 00:46:22.046 [info] ExtensionService#_doActivateExtension ms-vscode-remote.remote-ssh, startup: false, activationEvent: 'onCommand:opensshremotes.openEmptyWindow'
2024-06-13 00:46:24.866 [info] Extension host terminating: renderer closed the MessagePort
2024-06-13 00:46:24.904 [error] Canceled: Canceled
	at new O (/usr/share/code/resources/app/out/vs/workbench/api/node/extensionHostProcess.js:143:47131)
	at c.U (/usr/share/code/resources/app/out/vs/workbench/api/node/extensionHostProcess.js:150:5542)
	at F.<computed>.z.charCodeAt.F.<computed> (/usr/share/code/resources/app/out/vs/workbench/api/node/extensionHostProcess.js:150:2993)
	at r.g (/usr/share/code/resources/app/out/vs/workbench/api/node/extensionHostProcess.js:153:188926)
	at r.executeCommand (/usr/share/code/resources/app/out/vs/workbench/api/node/extensionHostProcess.js:153:188364)
	at k.registerCommand.description (/usr/share/code/resources/app/out/vs/workbench/api/node/extensionHostProcess.js:153:187688)
	at r.h (/usr/share/code/resources/app/out/vs/workbench/api/node/extensionHostProcess.js:153:189465)
	at r.g (/usr/share/code/resources/app/out/vs/workbench/api/node/extensionHostProcess.js:153:188457)
	at r.executeCommand (/usr/share/code/resources/app/out/vs/workbench/api/node/extensionHostProcess.js:153:188364)
	at Object.executeCommand (/usr/share/code/resources/app/out/vs/workbench/api/node/extensionHostProcess.js:163:22673)
	at t.shutdown (/home/lifrankfan/.vscode/extensions/ms-vscode-remote.remote-ssh-0.110.1/out/extension.js:2:582708)
	at e.deactivate (/home/lifrankfan/.vscode/extensions/ms-vscode-remote.remote-ssh-0.110.1/out/extension.js:2:849844)
	at f.eb (/usr/share/code/resources/app/out/vs/workbench/api/node/extensionHostProcess.js:159:9780)
	at /usr/share/code/resources/app/out/vs/workbench/api/node/extensionHostProcess.js:159:7824
	at Array.map (<anonymous>)
	at f.$ (/usr/share/code/resources/app/out/vs/workbench/api/node/extensionHostProcess.js:159:7811)
	at f.terminate (/usr/share/code/resources/app/out/vs/workbench/api/node/extensionHostProcess.js:159:8085)
	at a.terminate (/usr/share/code/resources/app/out/vs/workbench/api/node/extensionHostProcess.js:163:1513)
	at t (/usr/share/code/resources/app/out/vs/workbench/api/node/extensionHostProcess.js:176:9922)
	at MessagePortMain.<anonymous> (/usr/share/code/resources/app/out/vs/workbench/api/node/extensionHostProcess.js:176:6347)
	at MessagePortMain.emit (node:events:517:28)
	at MessagePortMain._internalPort.emit (node:electron/js2c/utility_init:2:2285) setContext undefined
2024-06-13 00:46:24.905 [info] Extension host with pid 35062 exiting with code 0
