2024-06-13 00:46:25.572 [info] Extension host with pid 35175 started
2024-06-13 00:46:25.572 [info] [resolveAuthority(ssh-remote,1)][0ms] activating remote resolvers ssh-remote+192.17.100.117
2024-06-13 00:46:25.572 [info] [resolveAuthority(ssh-remote,1)][0ms] activating resolver for ssh-remote+192.17.100.117...
2024-06-13 00:46:25.600 [info] ExtensionService#_doActivateExtension ms-vscode-remote.remote-ssh, startup: false, activationEvent: 'onResolveRemoteAuthority:ssh-remote'
2024-06-13 00:46:25.665 [info] [resolveAuthority(ssh-remote,1)][95ms] invoking final resolve()...
2024-06-13 00:46:26.665 [info] [resolveAuthority(ssh-remote,1)][1095ms] waiting...
2024-06-13 00:46:27.666 [info] [resolveAuthority(ssh-remote,1)][2096ms] waiting...
2024-06-13 00:46:28.666 [info] [resolveAuthority(ssh-remote,1)][3096ms] waiting...
2024-06-13 00:46:29.666 [info] [resolveAuthority(ssh-remote,1)][4096ms] waiting...
2024-06-13 00:46:30.668 [info] [resolveAuthority(ssh-remote,1)][5098ms] waiting...
2024-06-13 00:46:31.669 [info] [resolveAuthority(ssh-remote,1)][6099ms] waiting...
2024-06-13 00:46:32.669 [info] [resolveAuthority(ssh-remote,1)][7099ms] waiting...
2024-06-13 00:46:33.670 [info] [resolveAuthority(ssh-remote,1)][8100ms] waiting...
2024-06-13 00:46:34.670 [info] [resolveAuthority(ssh-remote,1)][9100ms] waiting...
2024-06-13 00:46:35.670 [info] [resolveAuthority(ssh-remote,1)][10100ms] waiting...
2024-06-13 00:46:36.671 [info] [resolveAuthority(ssh-remote,1)][11101ms] waiting...
2024-06-13 00:46:37.671 [info] [resolveAuthority(ssh-remote,1)][12101ms] waiting...
2024-06-13 00:46:38.672 [info] [resolveAuthority(ssh-remote,1)][13102ms] waiting...
2024-06-13 00:46:39.674 [info] [resolveAuthority(ssh-remote,1)][14104ms] waiting...
2024-06-13 00:46:40.675 [info] [resolveAuthority(ssh-remote,1)][15105ms] waiting...
2024-06-13 00:46:41.153 [error] [resolveAuthority(ssh-remote,1)][15574ms] returned an error The connection timed out
2024-06-13 00:46:41.454 [info] Eager extensions activated
2024-06-13 00:46:41.715 [info] ExtensionService#_doActivateExtension Catppuccin.catppuccin-vsc, startup: false, activationEvent: 'onStartupFinished'
2024-06-13 00:51:05.858 [info] Extension host terminating: renderer closed the MessagePort
2024-06-13 00:51:05.867 [error] Canceled: Canceled
	at new O (/usr/share/code/resources/app/out/vs/workbench/api/node/extensionHostProcess.js:143:47131)
	at c.U (/usr/share/code/resources/app/out/vs/workbench/api/node/extensionHostProcess.js:150:5542)
	at F.<computed>.z.charCodeAt.F.<computed> (/usr/share/code/resources/app/out/vs/workbench/api/node/extensionHostProcess.js:150:2993)
	at r.g (/usr/share/code/resources/app/out/vs/workbench/api/node/extensionHostProcess.js:153:188926)
	at r.executeCommand (/usr/share/code/resources/app/out/vs/workbench/api/node/extensionHostProcess.js:153:188364)
	at k.registerCommand.description (/usr/share/code/resources/app/out/vs/workbench/api/node/extensionHostProcess.js:153:187688)
	at r.h (/usr/share/code/resources/app/out/vs/workbench/api/node/extensionHostProcess.js:153:189465)
	at r.g (/usr/share/code/resources/app/out/vs/workbench/api/node/extensionHostProcess.js:153:188457)
	at r.executeCommand (/usr/share/code/resources/app/out/vs/workbench/api/node/extensionHostProcess.js:153:188364)
	at Object.executeCommand (/usr/share/code/resources/app/out/vs/workbench/api/node/extensionHostProcess.js:163:22673)
	at t.shutdown (/home/lifrankfan/.vscode/extensions/ms-vscode-remote.remote-ssh-0.110.1/out/extension.js:2:582708)
	at e.deactivate (/home/lifrankfan/.vscode/extensions/ms-vscode-remote.remote-ssh-0.110.1/out/extension.js:2:849844)
	at f.eb (/usr/share/code/resources/app/out/vs/workbench/api/node/extensionHostProcess.js:159:9780)
	at /usr/share/code/resources/app/out/vs/workbench/api/node/extensionHostProcess.js:159:7824
	at Array.map (<anonymous>)
	at f.$ (/usr/share/code/resources/app/out/vs/workbench/api/node/extensionHostProcess.js:159:7811)
	at f.terminate (/usr/share/code/resources/app/out/vs/workbench/api/node/extensionHostProcess.js:159:8085)
	at a.terminate (/usr/share/code/resources/app/out/vs/workbench/api/node/extensionHostProcess.js:163:1513)
	at t (/usr/share/code/resources/app/out/vs/workbench/api/node/extensionHostProcess.js:176:9922)
	at MessagePortMain.<anonymous> (/usr/share/code/resources/app/out/vs/workbench/api/node/extensionHostProcess.js:176:6347)
	at MessagePortMain.emit (node:events:517:28)
	at MessagePortMain._internalPort.emit (node:electron/js2c/utility_init:2:2285) setContext undefined
2024-06-13 00:51:05.867 [info] Extension host with pid 35175 exiting with code 0
