[17:02:00.883] Log Level: 2
[17:02:00.904] VS Code version: 1.89.1
[17:02:00.905] Remote-SSH version: remote-ssh@0.112.0
[17:02:00.905] linux x64
[17:02:00.912] SSH Resolver called for "ssh-remote+192.17.100.117", attempt 1
[17:02:00.913] "remote.SSH.useLocalServer": true
[17:02:00.913] "remote.SSH.useExecServer": true
[17:02:00.914] "remote.SSH.path": undefined
[17:02:00.914] "remote.SSH.configFile": undefined
[17:02:00.914] "remote.SSH.useFlock": true
[17:02:00.915] "remote.SSH.lockfilesInTmp": false
[17:02:00.915] "remote.SSH.localServerDownload": auto
[17:02:00.915] "remote.SSH.remoteServerListenOnSocket": false
[17:02:00.915] "remote.SSH.showLoginTerminal": false
[17:02:00.915] "remote.SSH.defaultExtensions": []
[17:02:00.916] "remote.SSH.loglevel": 2
[17:02:00.916] "remote.SSH.enableDynamicForwarding": true
[17:02:00.916] "remote.SSH.enableRemoteCommand": false
[17:02:00.916] "remote.SSH.serverPickPortsFromRange": {}
[17:02:00.917] "remote.SSH.serverInstallPath": {}
[17:02:00.931] SSH Resolver called for host: 192.17.100.117
[17:02:00.931] Setting up SSH remote "192.17.100.117"
[17:02:00.938] Acquiring local install lock: /tmp/vscode-remote-ssh-cc092e3f-install.lock
[17:02:00.940] Looking for existing server data file at /home/lifrankfan/.config/Code/User/globalStorage/ms-vscode-remote.remote-ssh/vscode-ssh-host-cc092e3f-dc96b837cf6bb4af9cd736aa3af08cf8279f7685-0.112.0-es/data.json
[17:02:00.941] Using commit id "dc96b837cf6bb4af9cd736aa3af08cf8279f7685" and quality "stable" for server
[17:02:00.946] Install and start server if needed
[17:02:00.952] PATH: /home/lifrankfan/.local/bin:/home/lifrankfan/bin:/home/lifrankfan/.config/emacs/bin:/usr/local/bin:/usr/local/sbin:/usr/bin:/usr/sbin:/var/lib/snapd/snap/bin
[17:02:00.952] Checking ssh with "ssh -V"
[17:02:00.970] > OpenSSH_9.6p1, OpenSSL 3.2.1 30 Jan 2024

[17:02:00.978] askpass server listening on /run/user/1000/vscode-ssh-askpass-cc230bc07011f0387f55c55f9bb6556a38126716.sock
[17:02:00.978] Spawning local server with {"serverId":1,"ipcHandlePath":"/run/user/1000/vscode-ssh-askpass-6838d4ca1262bd72df755f5071806f83fc6706fb.sock","sshCommand":"ssh","sshArgs":["-v","-T","-D","33705","-o","ConnectTimeout=15","192.17.100.117"],"serverDataFolderName":".vscode-server","dataFilePath":"/home/lifrankfan/.config/Code/User/globalStorage/ms-vscode-remote.remote-ssh/vscode-ssh-host-cc092e3f-dc96b837cf6bb4af9cd736aa3af08cf8279f7685-0.112.0-es/data.json"}
[17:02:00.978] Local server env: {"SHELL":"/bin/bash","DISPLAY":":0","ELECTRON_RUN_AS_NODE":"1","SSH_ASKPASS":"/home/lifrankfan/.vscode/extensions/ms-vscode-remote.remote-ssh-0.112.0/out/local-server/askpass.sh","VSCODE_SSH_ASKPASS_NODE":"/usr/share/code/code","VSCODE_SSH_ASKPASS_EXTRA_ARGS":"","VSCODE_SSH_ASKPASS_MAIN":"/home/lifrankfan/.vscode/extensions/ms-vscode-remote.remote-ssh-0.112.0/out/askpass-main.js","VSCODE_SSH_ASKPASS_HANDLE":"/run/user/1000/vscode-ssh-askpass-cc230bc07011f0387f55c55f9bb6556a38126716.sock"}
[17:02:00.983] Spawned 25266
[17:02:01.256] > local-server-1> Running ssh connection command: ssh -v -T -D 33705 -o ConnectTimeout=15 192.17.100.117
[17:02:01.265] > local-server-1> Spawned ssh, pid=25274
[17:02:01.273] stderr> OpenSSH_9.6p1, OpenSSL 3.2.1 30 Jan 2024
[17:02:01.359] stderr> debug1: Server host key: ssh-ed25519 SHA256:e74rhCnfQ5xRJ6Q0ruRq6QixOm8YTlkzQE6BFtO+XIY
[17:02:01.738] Got askpass request: {"request":" lifan3@192.17.100.117's password:"}
[17:02:01.739] Showing password prompt
[17:02:01.741] Listening for interwindow password on /run/user/1000/vscode-ssh-askpass-90463dc4f01df55af296266323bcf4d63d146050.sock
[17:02:01.742] Writing password prompt to globalState
[17:03:32.376] Got password response
[17:03:32.377] Interactor gave response: ******
[17:03:32.378] Cleaning up other-window auth server
[17:03:32.744] stderr> Authenticated to 192.17.100.117 ([192.17.100.117]:22) using "password".
[17:03:34.031] > Welcome to Ubuntu 22.04.4 LTS (GNU/Linux 5.15.0-1021-bluefield aarch64)
> 
>  * Documentation:  https://help.ubuntu.com
>  * Management:     https://landscape.canonical.com
>  * Support:        https://ubuntu.com/pro
> 
>  System information as of Fri Jun 14 17:03:32 CDT 2024
> 
>   System load:               0.04
>   Usage of /:                84.6% of 37.90GB
>   Memory usage:              11%
>   Swap usage:                0%
>   Processes:                 261
>   Users logged in:           2
>   IPv4 address for oob_net0: 192.17.100.117
>   IPv6 address for oob_net0: 2620:0:e00:550b:ba3f:d2ff:fe6a:6544
> 
>  * Strictly confined Kubernetes makes edge and IoT secure. Learn how MicroK8s
>    just raised the bar for easy, resilient and secure K8s cluster deployment.
> 
>    https://ubuntu.com/engage/secure-kubernetes-at-the-edge
> 
> Expanded Security Maintenance for Applications is not enabled.
> 
> 4 updates can be applied immediately.
> 3 of these updates are standard security updates.
> To see these additional updates run: apt list --upgradable
> 
> 9 additional security updates can be applied with ESM Apps.
> Learn more about enabling ESM Apps service at https://ubuntu.com/esm
> 
[17:03:34.124] > ready: 50e0101c6c18
[17:03:34.135] > Linux 5.15.0-1021-bluefield #23-Ubuntu SMP Fri Aug 4 18:24:48 UTC 2023
[17:03:34.136] Platform: linux
[17:03:34.143] > /bin/bash
[17:03:34.144] Shell: bash
[17:03:34.144] Creating bash subshell inside "bash"
[17:03:34.155] > bash version:  5.1.16(1)-release
[17:03:34.180] > 50e0101c6c18: running
[17:03:34.214] > Found existing installation at /home/lifan3/.vscode-server...
[17:03:34.218] > Starting VS Code CLI... "/home/lifan3/.vscode-server/code-dc96b837cf6bb4af9cd736aa3af08cf8279f7685" command-shell --cli-data-dir "/home/lifan3/.vscode-server/cli" --on-port --on-host=127.0.0.1 --parent-process-id 184588 &> "/home/lifan3/.vscode-server/.cli.dc96b837cf6bb4af9cd736aa3af08cf8279f7685.log" < /dev/null
> printenv:
>     SHELL=/bin/bash
>     PKG_CONFIG_PATH=:/opt/mellanox/doca/lib/aarch64-linux-gnu/pkgconfig:/opt/mellanox/flexio/lib/pkgconfig:/opt/mellanox/grpc/lib/pkgconfig:/opt/mellanox/dpdk/lib/aarch64-linux-gnu/pkgconfig
>     PWD=/home/lifan3
>     LOGNAME=lifan3
>     XDG_SESSION_TYPE=tty
>     MODULESHOME=/usr/share/modules
>     MANPATH=:
>     MOTD_SHOWN=pam
>     HOME=/home/lifan3
>     LANG=C.UTF-8
>     VSCODE_AGENT_FOLDER=/home/lifan3/.vscode-server
>     SSH_CONNECTION=10.251.170.236 37424 192.17.100.117 22
>     XDG_SESSION_CLASS=user
>     LIBVIRT_DEFAULT_URI=qemu:///system
>     USER=lifan3
>     LOADEDMODULES=
>     SHLVL=1
>     XDG_SESSION_ID=172
>     XDG_RUNTIME_DIR=/run/user/1001
>     SSH_CLIENT=10.251.170.236 37424 22
>     PATH=/home/lifan3/.local/bin:/usr/local/sbin:/usr/local/bin:/usr/sbin:/usr/bin:/sbin:/bin:/usr/games:/usr/local/games:/snap/bin:/opt/mellanox/doca/tools/:/opt/mellanox/grpc/bin
>     MODULEPATH=/etc/environment-modules/modules:/usr/share/modules/versions:/usr/share/modules/$MODULE_VERSION/modulefiles:/usr/share/modules/modulefiles
>     DBUS_SESSION_BUS_ADDRESS=unix:path=/run/user/1001/bus
>     MODULES_CMD=/usr/lib/aarch64-linux-gnu/modulecmd.tcl
>     BASH_FUNC_ml%%=() {  module ml "$@"
>     }
>     BASH_FUNC_module%%=() {  eval `/usr/bin/tclsh8.6 /usr/lib/aarch64-linux-gnu/modulecmd.tcl bash "$@"`;
>      _mlstatus=$?;
>      return $_mlstatus
>     }
>     _=/usr/bin/printenv
[17:03:34.223] > Removing old logfile at /home/lifan3/.vscode-server/.cli.dc96b837cf6bb4af9cd736aa3af08cf8279f7685.log
[17:03:34.226] > Spawned remote CLI: 184607
[17:03:34.258] > Waiting for server log...
[17:03:34.325] > Waiting for server log...
[17:03:34.389] > Waiting for server log...
[17:03:34.456] > Waiting for server log...
[17:03:34.519] > Waiting for server log...
[17:03:34.585] > Waiting for server log...
[17:03:34.630] > 50e0101c6c18: start
> SSH_AUTH_SOCK====
> DISPLAY====
> listeningOn==127.0.0.1:38541==
> osReleaseId==ubuntu==
> arch==aarch64==
[17:03:34.636] > vscodeArch==arm64==
> bitness==64==
> tmpDir==/run/user/1001==
> platform==linux==
> unpackResult====
> didLocalDownload==0==
> downloadTime====
> installTime====
> serverStartTime==407==
> execServerToken==11aa1111-111a-1a11-a1a1-111aa111aa1a==
> 50e0101c6c18: end
[17:03:34.637] Received install output: 
SSH_AUTH_SOCK====
DISPLAY====
listeningOn==127.0.0.1:38541==
osReleaseId==ubuntu==
arch==aarch64==vscodeArch==arm64==
bitness==64==
tmpDir==/run/user/1001==
platform==linux==
unpackResult====
didLocalDownload==0==
downloadTime====
installTime====
serverStartTime==407==
execServerToken==11aa1111-111a-1a11-a1a1-111aa111aa1a==

[17:03:34.638] Remote server is listening on port 38541
[17:03:34.638] Parsed server configuration: {"serverConfiguration":{"remoteListeningOn":{"port":38541},"osReleaseId":"ubuntu","arch":"aarch64","sshAuthSock":"","display":"","tmpDir":"/run/user/1001","platform":"linux","execServerToken":"11aa1111-111a-1a11-a1a1-111aa111aa1a"},"serverStartTime":407,"installUnpackCode":""}
[17:03:34.638] ** Note: Support for architecture "aarch64" is in preview **
[17:03:34.639] Persisting server connection details to /home/lifrankfan/.config/Code/User/globalStorage/ms-vscode-remote.remote-ssh/vscode-ssh-host-cc092e3f-dc96b837cf6bb4af9cd736aa3af08cf8279f7685-0.112.0-es/data.json
[17:03:34.645] Starting forwarding server. local port 44111 -> socksPort 33705 -> remotePort 38541
[17:03:34.646] Forwarding server listening on port 44111
[17:03:34.646] Waiting for ssh tunnel to be ready
[17:03:34.649] [Forwarding server port 44111] Got connection 0
[17:03:34.652] Tunneled port 38541 to local port 44111
[17:03:34.652] Resolved "ssh-remote+192.17.100.117" to "port 44111"
[17:03:34.657] Initizing new exec server for ssh-remote+192.17.100.117
[17:03:34.657] Resolving exec server at port 44111
[17:03:34.713] [Forwarding server port 44111] Got connection 1
[17:03:34.865] Exec server for ssh-remote+192.17.100.117 created and cached
[17:03:34.879] ------




[17:03:34.942] [server] Checking /home/lifan3/.vscode-server/cli/servers/Stable-dc96b837cf6bb4af9cd736aa3af08cf8279f7685/log.txt and /home/lifan3/.vscode-server/cli/servers/Stable-dc96b837cf6bb4af9cd736aa3af08cf8279f7685/pid.txt for a running server...
[17:03:34.947] [server] Installing and setting up Visual Studio Code Server...
[17:03:34.948] [server] Server setup complete
[17:03:34.948] [server] Starting server...
[17:03:34.948] [server] Starting server with command... Command { std: "/home/lifan3/.vscode-server/cli/servers/Stable-dc96b837cf6bb4af9cd736aa3af08cf8279f7685/server/bin/code-server" "--connection-token=remotessh" "--accept-server-license-terms" "--start-server" "--enable-remote-auto-shutdown" "--socket-path=/tmp/code-2b068fe1-cd43-44e7-8029-69e059bbf816", kill_on_drop: false }
[17:03:35.929] [server] *
[17:03:35.972] [server] * Visual Studio Code Server
[17:03:35.972] [server] *
[17:03:35.973] [server] * By using the software, you agree to
[17:03:35.973] [server] * the Visual Studio Code Server License Terms (https://aka.ms/vscode-server-license) and
[17:03:35.973] [server] * the Microsoft Privacy Statement (https://privacy.microsoft.com/en-US/privacystatement).
[17:03:35.973] [server] *
[17:03:35.974] [server] Server bound to /tmp/code-2b068fe1-cd43-44e7-8029-69e059bbf816
[17:03:35.974] [server] Extension host agent listening on /tmp/code-2b068fe1-cd43-44e7-8029-69e059bbf816
[17:03:35.974] [server] parsed location: "/tmp/code-2b068fe1-cd43-44e7-8029-69e059bbf816"
[17:03:35.974] [server] 
[17:03:35.975] [server] Server started
[17:03:36.516] [server] [17:03:36] 
[17:03:36.564] [server] 
[17:03:36.565] [server] 
[17:03:36.565] [server] 
[17:03:36.604] [server] [17:03:36] Extension host agent started.
[17:03:36.800] [server] [17:03:36] [<unknown>][41edfa93][ManagementConnection] New connection established.
[17:03:36.816] [server] [17:03:36] [<unknown>][e4c64e77][ExtensionHostConnection] New connection established.
[17:03:37.979] [server] [17:03:37] [<unknown>][e4c64e77][ExtensionHostConnection] <184933> Launched Extension Host Process.
[17:04:01.585] [server] [17:04:01] Getting Manifest... ms-python.python
[17:04:01.630] [server] [17:04:01] Installing extension: ms-python.python
[17:04:13.096] [server] [17:04:13] Extension signature verification result for ms-python.python: Success. Duration: 4865ms.
[17:04:18.619] [server] [17:04:18] Extracted extension to file:///home/lifan3/.vscode-server/extensions/ms-python.python-2024.8.1: ms-python.python
[17:04:18.692] [server] [17:04:18] Renamed to /home/lifan3/.vscode-server/extensions/ms-python.python-2024.8.1
[17:04:18.710] [server] [17:04:18] Extracting extension completed. ms-python.python
[17:04:18.730] [server] [17:04:18] Extension installed successfully: ms-python.python
[17:04:18.756] [server] [17:04:18] Marked extension as uninstalled ms-python.python-2024.8.0
[17:08:36.605] [server] New EH opened, aborting shutdown
[17:08:36.650] [server] [17:08:36] New EH opened, aborting shutdown
