2024-06-13 14:26:05.525 [info] Added views:workbench.panel.markers.view in workbench.panel.markers
2024-06-13 14:26:05.525 [info] Added views:workbench.panel.output in workbench.panel.output
2024-06-13 14:26:05.525 [info] Added views:terminal in terminal
2024-06-13 14:26:05.525 [info] Added views:outline in workbench.view.explorer
2024-06-13 14:26:05.525 [info] Added views:workbench.scm in workbench.view.scm
2024-06-13 14:26:05.525 [info] Added views:workbench.view.search in workbench.view.search
2024-06-13 14:26:05.525 [info] Added views:timeline in workbench.view.explorer
2024-06-13 14:26:05.525 [info] Added views:workbench.explorer.emptyView in workbench.view.explorer
2024-06-13 14:26:05.617 [info] Added views:workbench.debug.welcome in workbench.view.debug
2024-06-13 14:26:05.831 [info] Added views:~remote.forwardedPorts in ~remote.forwardedPortsContainer
2024-06-13 14:26:15.348 [info] Added views:remoteTargets in workbench.view.remote
2024-06-13 14:26:17.172 [info] Added views:workbench.panel.repl.view in workbench.panel.repl
2024-06-13 14:26:32.172 [info] Added views:workbench.panel.markers.view in workbench.panel.markers
2024-06-13 14:26:32.172 [info] Added views:workbench.panel.output in workbench.panel.output
2024-06-13 14:26:32.172 [info] Added views:terminal in terminal
2024-06-13 14:26:32.172 [info] Added views:outline in workbench.view.explorer
2024-06-13 14:26:32.172 [info] Added views:workbench.scm in workbench.view.scm
2024-06-13 14:26:32.172 [info] Added views:workbench.view.search in workbench.view.search
2024-06-13 14:26:32.172 [info] Added views:timeline in workbench.view.explorer
2024-06-13 14:26:32.172 [info] Added views:workbench.explorer.fileView in workbench.view.explorer
2024-06-13 14:26:32.328 [info] Added views:workbench.debug.welcome in workbench.view.debug
2024-06-13 14:26:34.317 [info] Added views:~remote.forwardedPorts in ~remote.forwardedPortsContainer
2024-06-13 14:26:37.367 [info] Added views:remoteTargets in workbench.view.remote
2024-06-13 14:26:38.098 [info] Added views:workbench.panel.repl.view in workbench.panel.repl
2024-06-13 14:27:14.018 [info] Added views:workbench.view.testing in workbench.view.extension.test
2024-06-14 17:01:31.059 [info] Removed views:workbench.view.testing from workbench.view.extension.test
