2024-06-14 17:02:00.820 [info] Extension host with pid 25245 started
2024-06-14 17:02:00.821 [info] Skipping acquiring lock for /home/lifrankfan/.config/Code/User/workspaceStorage/f4f30346953131c1efc681b7bbe52757.
2024-06-14 17:02:00.821 [info] $getCanonicalURI invoked for authority (ssh-remote)
2024-06-14 17:02:00.834 [info] ExtensionService#_doActivateExtension ms-vscode-remote.remote-ssh, startup: false, activationEvent: 'onResolveRemoteAuthority:ssh-remote'
2024-06-14 17:02:00.910 [info] [resolveAuthority(ssh-remote,1)][0ms] activating remote resolvers ssh-remote+192.17.100.117
2024-06-14 17:02:00.910 [info] [resolveAuthority(ssh-remote,1)][0ms] activating resolver for ssh-remote+192.17.100.117...
2024-06-14 17:02:00.911 [info] [resolveAuthority(ssh-remote,1)][1ms] invoking final resolve()...
2024-06-14 17:02:01.911 [info] [resolveAuthority(ssh-remote,1)][1001ms] waiting...
2024-06-14 17:02:02.911 [info] [resolveAuthority(ssh-remote,1)][2001ms] waiting...
2024-06-14 17:02:03.912 [info] [resolveAuthority(ssh-remote,1)][3002ms] waiting...
2024-06-14 17:02:04.914 [info] [resolveAuthority(ssh-remote,1)][4003ms] waiting...
2024-06-14 17:02:05.913 [info] [resolveAuthority(ssh-remote,1)][5003ms] waiting...
2024-06-14 17:02:06.914 [info] [resolveAuthority(ssh-remote,1)][6004ms] waiting...
2024-06-14 17:02:07.914 [info] [resolveAuthority(ssh-remote,1)][7004ms] waiting...
2024-06-14 17:02:08.915 [info] [resolveAuthority(ssh-remote,1)][8005ms] waiting...
2024-06-14 17:02:09.916 [info] [resolveAuthority(ssh-remote,1)][9006ms] waiting...
2024-06-14 17:02:10.916 [info] [resolveAuthority(ssh-remote,1)][10006ms] waiting...
2024-06-14 17:02:11.917 [info] [resolveAuthority(ssh-remote,1)][11007ms] waiting...
2024-06-14 17:02:12.918 [info] [resolveAuthority(ssh-remote,1)][12008ms] waiting...
2024-06-14 17:02:13.919 [info] [resolveAuthority(ssh-remote,1)][13009ms] waiting...
2024-06-14 17:02:14.919 [info] [resolveAuthority(ssh-remote,1)][14009ms] waiting...
2024-06-14 17:02:15.920 [info] [resolveAuthority(ssh-remote,1)][15010ms] waiting...
2024-06-14 17:02:16.921 [info] [resolveAuthority(ssh-remote,1)][16011ms] waiting...
2024-06-14 17:02:17.922 [info] [resolveAuthority(ssh-remote,1)][17012ms] waiting...
2024-06-14 17:02:18.924 [info] [resolveAuthority(ssh-remote,1)][18014ms] waiting...
2024-06-14 17:02:19.924 [info] [resolveAuthority(ssh-remote,1)][19014ms] waiting...
2024-06-14 17:02:20.926 [info] [resolveAuthority(ssh-remote,1)][20016ms] waiting...
2024-06-14 17:02:21.927 [info] [resolveAuthority(ssh-remote,1)][21017ms] waiting...
2024-06-14 17:02:22.927 [info] [resolveAuthority(ssh-remote,1)][22017ms] waiting...
2024-06-14 17:02:23.929 [info] [resolveAuthority(ssh-remote,1)][23019ms] waiting...
2024-06-14 17:02:24.930 [info] [resolveAuthority(ssh-remote,1)][24020ms] waiting...
2024-06-14 17:02:25.932 [info] [resolveAuthority(ssh-remote,1)][25022ms] waiting...
2024-06-14 17:02:26.933 [info] [resolveAuthority(ssh-remote,1)][26023ms] waiting...
2024-06-14 17:02:27.934 [info] [resolveAuthority(ssh-remote,1)][27024ms] waiting...
2024-06-14 17:02:28.936 [info] [resolveAuthority(ssh-remote,1)][28026ms] waiting...
2024-06-14 17:02:29.938 [info] [resolveAuthority(ssh-remote,1)][29028ms] waiting...
2024-06-14 17:02:30.938 [info] [resolveAuthority(ssh-remote,1)][30028ms] waiting...
2024-06-14 17:02:31.939 [info] [resolveAuthority(ssh-remote,1)][31029ms] waiting...
2024-06-14 17:02:32.940 [info] [resolveAuthority(ssh-remote,1)][32030ms] waiting...
2024-06-14 17:02:33.941 [info] [resolveAuthority(ssh-remote,1)][33031ms] waiting...
2024-06-14 17:02:34.943 [info] [resolveAuthority(ssh-remote,1)][34033ms] waiting...
2024-06-14 17:02:35.944 [info] [resolveAuthority(ssh-remote,1)][35034ms] waiting...
2024-06-14 17:02:36.946 [info] [resolveAuthority(ssh-remote,1)][36035ms] waiting...
2024-06-14 17:02:37.946 [info] [resolveAuthority(ssh-remote,1)][37036ms] waiting...
2024-06-14 17:02:38.947 [info] [resolveAuthority(ssh-remote,1)][38037ms] waiting...
2024-06-14 17:02:39.949 [info] [resolveAuthority(ssh-remote,1)][39039ms] waiting...
2024-06-14 17:02:40.950 [info] [resolveAuthority(ssh-remote,1)][40039ms] waiting...
2024-06-14 17:02:41.950 [info] [resolveAuthority(ssh-remote,1)][41040ms] waiting...
2024-06-14 17:02:42.952 [info] [resolveAuthority(ssh-remote,1)][42041ms] waiting...
2024-06-14 17:02:43.952 [info] [resolveAuthority(ssh-remote,1)][43042ms] waiting...
2024-06-14 17:02:44.953 [info] [resolveAuthority(ssh-remote,1)][44043ms] waiting...
2024-06-14 17:02:45.954 [info] [resolveAuthority(ssh-remote,1)][45044ms] waiting...
2024-06-14 17:02:46.955 [info] [resolveAuthority(ssh-remote,1)][46045ms] waiting...
2024-06-14 17:02:47.956 [info] [resolveAuthority(ssh-remote,1)][47046ms] waiting...
2024-06-14 17:02:48.957 [info] [resolveAuthority(ssh-remote,1)][48047ms] waiting...
2024-06-14 17:02:49.958 [info] [resolveAuthority(ssh-remote,1)][49048ms] waiting...
2024-06-14 17:02:50.960 [info] [resolveAuthority(ssh-remote,1)][50050ms] waiting...
2024-06-14 17:02:51.962 [info] [resolveAuthority(ssh-remote,1)][51051ms] waiting...
2024-06-14 17:02:52.963 [info] [resolveAuthority(ssh-remote,1)][52053ms] waiting...
2024-06-14 17:02:53.965 [info] [resolveAuthority(ssh-remote,1)][53055ms] waiting...
2024-06-14 17:02:54.965 [info] [resolveAuthority(ssh-remote,1)][54055ms] waiting...
2024-06-14 17:02:55.967 [info] [resolveAuthority(ssh-remote,1)][55056ms] waiting...
2024-06-14 17:02:56.967 [info] [resolveAuthority(ssh-remote,1)][56057ms] waiting...
2024-06-14 17:02:57.968 [info] [resolveAuthority(ssh-remote,1)][57058ms] waiting...
2024-06-14 17:02:58.968 [info] [resolveAuthority(ssh-remote,1)][58058ms] waiting...
2024-06-14 17:02:59.970 [info] [resolveAuthority(ssh-remote,1)][59060ms] waiting...
2024-06-14 17:03:00.972 [info] [resolveAuthority(ssh-remote,1)][60062ms] waiting...
2024-06-14 17:03:01.972 [info] [resolveAuthority(ssh-remote,1)][61062ms] waiting...
2024-06-14 17:03:02.973 [info] [resolveAuthority(ssh-remote,1)][62063ms] waiting...
2024-06-14 17:03:03.974 [info] [resolveAuthority(ssh-remote,1)][63064ms] waiting...
2024-06-14 17:03:04.976 [info] [resolveAuthority(ssh-remote,1)][64066ms] waiting...
2024-06-14 17:03:05.977 [info] [resolveAuthority(ssh-remote,1)][65067ms] waiting...
2024-06-14 17:03:06.979 [info] [resolveAuthority(ssh-remote,1)][66069ms] waiting...
2024-06-14 17:03:07.979 [info] [resolveAuthority(ssh-remote,1)][67069ms] waiting...
2024-06-14 17:03:08.981 [info] [resolveAuthority(ssh-remote,1)][68071ms] waiting...
2024-06-14 17:03:09.983 [info] [resolveAuthority(ssh-remote,1)][69073ms] waiting...
2024-06-14 17:03:10.984 [info] [resolveAuthority(ssh-remote,1)][70073ms] waiting...
2024-06-14 17:03:11.984 [info] [resolveAuthority(ssh-remote,1)][71074ms] waiting...
2024-06-14 17:03:12.985 [info] [resolveAuthority(ssh-remote,1)][72075ms] waiting...
2024-06-14 17:03:13.987 [info] [resolveAuthority(ssh-remote,1)][73077ms] waiting...
2024-06-14 17:03:14.988 [info] [resolveAuthority(ssh-remote,1)][74078ms] waiting...
2024-06-14 17:03:15.989 [info] [resolveAuthority(ssh-remote,1)][75079ms] waiting...
2024-06-14 17:03:16.989 [info] [resolveAuthority(ssh-remote,1)][76079ms] waiting...
2024-06-14 17:03:17.990 [info] [resolveAuthority(ssh-remote,1)][77080ms] waiting...
2024-06-14 17:03:18.991 [info] [resolveAuthority(ssh-remote,1)][78081ms] waiting...
2024-06-14 17:03:19.992 [info] [resolveAuthority(ssh-remote,1)][79082ms] waiting...
2024-06-14 17:03:20.994 [info] [resolveAuthority(ssh-remote,1)][80084ms] waiting...
2024-06-14 17:03:21.995 [info] [resolveAuthority(ssh-remote,1)][81085ms] waiting...
2024-06-14 17:03:22.996 [info] [resolveAuthority(ssh-remote,1)][82086ms] waiting...
2024-06-14 17:03:23.998 [info] [resolveAuthority(ssh-remote,1)][83088ms] waiting...
2024-06-14 17:03:25.000 [info] [resolveAuthority(ssh-remote,1)][84090ms] waiting...
2024-06-14 17:03:26.001 [info] [resolveAuthority(ssh-remote,1)][85091ms] waiting...
2024-06-14 17:03:27.003 [info] [resolveAuthority(ssh-remote,1)][86092ms] waiting...
2024-06-14 17:03:28.003 [info] [resolveAuthority(ssh-remote,1)][87093ms] waiting...
2024-06-14 17:03:29.004 [info] [resolveAuthority(ssh-remote,1)][88094ms] waiting...
2024-06-14 17:03:30.005 [info] [resolveAuthority(ssh-remote,1)][89095ms] waiting...
2024-06-14 17:03:31.006 [info] [resolveAuthority(ssh-remote,1)][90096ms] waiting...
2024-06-14 17:03:32.006 [info] [resolveAuthority(ssh-remote,1)][91096ms] waiting...
2024-06-14 17:03:33.007 [info] [resolveAuthority(ssh-remote,1)][92097ms] waiting...
2024-06-14 17:03:34.009 [info] [resolveAuthority(ssh-remote,1)][93099ms] waiting...
2024-06-14 17:03:34.879 [info] [resolveAuthority(ssh-remote,1)][93969ms] setting tunnel factory...
2024-06-14 17:03:34.880 [info] [resolveAuthority(ssh-remote,1)][93970ms] returned managed authority
2024-06-14 17:03:37.964 [info] Eager extensions activated
2024-06-14 17:03:38.323 [info] ExtensionService#_doActivateExtension Catppuccin.catppuccin-vsc, startup: false, activationEvent: 'onStartupFinished'
2024-06-14 17:03:38.338 [info] ExtensionService#_doActivateExtension ms-vscode.remote-explorer, startup: false, activationEvent: 'onCommand:remote-internal.setActiveFolders'
2024-06-14 17:03:38.345 [info] ExtensionService#_doActivateExtension KevinRose.vsc-python-indent, startup: false, activationEvent: 'onLanguage:python'
